Using pre-set license
Built from '2020.3/staging' branch; Version is '2020.3.26f1 (7298b473bc1a) revision 7510196'; Using compiler version '192528614'; Build Type 'Release'
OS: 'Windows 10  (10.0.19044) 64bit Core' Language: 'tr' Physical Memory: 16332 MB
BatchMode: 1, IsHumanControllingUs: 0, StartBugReporterOnCrash: 0, Is64bit: 1, IsPro: 0

COMMAND LINE ARGUMENTS:
C:\Program Files\Unity\Hub\Editor\2020.3.26f1\Editor\Unity.exe
-adb2
-batchMode
-noUpm
-name
AssetImportWorker1
-projectPath
C:/Users/Gokhan/MertUnity
-logFile
Logs/AssetImportWorker1.log
-srvPort
58591
Successfully changed project path to: C:/Users/Gokhan/MertUnity
C:/Users/Gokhan/MertUnity
Using Asset Import Pipeline V2.
Refreshing native plugins compatible for Editor in 53.05 ms, found 3 plugins.
Preloading 0 native plugins for Editor in 0.00 ms.
Initialize engine version: 2020.3.26f1 (7298b473bc1a)
[Subsystems] Discovering subsystems at path C:/Program Files/Unity/Hub/Editor/2020.3.26f1/Editor/Data/Resources/UnitySubsystems
[Subsystems] Discovering subsystems at path C:/Users/Gokhan/MertUnity/Assets
GfxDevice: creating device client; threaded=0
Direct3D:
    Version:  Direct3D 11.0 [level 11.1]
    Renderer: NVIDIA GeForce GTX 1650 (ID=0x1f82)
    Vendor:   
    VRAM:     3962 MB
    Driver:   27.21.14.5671
Initialize mono
Mono path[0] = 'C:/Program Files/Unity/Hub/Editor/2020.3.26f1/Editor/Data/Managed'
Mono path[1] = 'C:/Program Files/Unity/Hub/Editor/2020.3.26f1/Editor/Data/MonoBleedingEdge/lib/mono/unityjit'
Mono config path = 'C:/Program Files/Unity/Hub/Editor/2020.3.26f1/Editor/Data/MonoBleedingEdge/etc'
Using monoOptions --debugger-agent=transport=dt_socket,embedding=1,server=y,suspend=n,address=127.0.0.1:56316
Begin MonoManager ReloadAssembly
Registering precompiled unity dll's ...
Register platform support module: C:/Program Files/Unity/Hub/Editor/2020.3.26f1/Editor/Data/PlaybackEngines/WindowsStandaloneSupport/UnityEditor.WindowsStandalone.Extensions.dll
Registered in 0.001976 seconds.
Native extension for WindowsStandalone target not found
Refreshing native plugins compatible for Editor in 54.53 ms, found 3 plugins.
Preloading 0 native plugins for Editor in 0.00 ms.
Mono: successfully reloaded assembly
- Completed reload, in  0.536 seconds
Domain Reload Profiling:
	ReloadAssembly (536ms)
		BeginReloadAssembly (46ms)
			ExecutionOrderSort (0ms)
			DisableScriptedObjects (0ms)
			BackupInstance (0ms)
			ReleaseScriptingObjects (0ms)
			CreateAndSetChildDomain (1ms)
		EndReloadAssembly (420ms)
			LoadAssemblies (44ms)
			RebuildTransferFunctionScriptingTraits (0ms)
			SetupTypeCache (144ms)
			ReleaseScriptCaches (0ms)
			RebuildScriptCaches (28ms)
			SetupLoadedEditorAssemblies (162ms)
				LogAssemblyErrors (0ms)
				InitializePlatformSupportModulesInManaged (5ms)
				SetLoadedEditorAssemblies (0ms)
				RefreshPlugins (55ms)
				BeforeProcessingInitializeOnLoad (7ms)
				ProcessInitializeOnLoadAttributes (71ms)
				ProcessInitializeOnLoadMethodAttributes (25ms)
				AfterProcessingInitializeOnLoad (0ms)
				EditorAssembliesLoaded (0ms)
			ExecutionOrderSort2 (0ms)
			AwakeInstancesAfterBackupRestoration (0ms)
Platform modules already initialized, skipping
Registering precompiled user dll's ...
Registered in 0.004747 seconds.
Begin MonoManager ReloadAssembly
Native extension for WindowsStandalone target not found
Refreshing native plugins compatible for Editor in 52.76 ms, found 3 plugins.
Preloading 0 native plugins for Editor in 0.00 ms.
Mono: successfully reloaded assembly
- Completed reload, in  1.104 seconds
Domain Reload Profiling:
	ReloadAssembly (1105ms)
		BeginReloadAssembly (134ms)
			ExecutionOrderSort (0ms)
			DisableScriptedObjects (4ms)
			BackupInstance (0ms)
			ReleaseScriptingObjects (0ms)
			CreateAndSetChildDomain (19ms)
		EndReloadAssembly (911ms)
			LoadAssemblies (87ms)
			RebuildTransferFunctionScriptingTraits (0ms)
			SetupTypeCache (286ms)
			ReleaseScriptCaches (1ms)
			RebuildScriptCaches (49ms)
			SetupLoadedEditorAssemblies (391ms)
				LogAssemblyErrors (0ms)
				InitializePlatformSupportModulesInManaged (3ms)
				SetLoadedEditorAssemblies (0ms)
				RefreshPlugins (53ms)
				BeforeProcessingInitializeOnLoad (75ms)
				ProcessInitializeOnLoadAttributes (236ms)
				ProcessInitializeOnLoadMethodAttributes (17ms)
				AfterProcessingInitializeOnLoad (6ms)
				EditorAssembliesLoaded (0ms)
			ExecutionOrderSort2 (0ms)
			AwakeInstancesAfterBackupRestoration (5ms)
Platform modules already initialized, skipping
========================================================================
Worker process is ready to serve import requests
Launched and connected shader compiler UnityShaderCompiler.exe after 0.06 seconds
Refreshing native plugins compatible for Editor in 0.68 ms, found 3 plugins.
Preloading 0 native plugins for Editor in 0.00 ms.
Unloading 2796 Unused Serialized files (Serialized files now loaded: 0)
System memory in use before: 115.5 MB.
System memory in use after: 115.7 MB.

Unloading 29 unused Assets to reduce memory usage. Loaded Objects now: 3233.
Total: 3.568700 ms (FindLiveObjects: 0.280700 ms CreateObjectMapping: 0.076000 ms MarkObjects: 3.143500 ms  DeleteObjects: 0.067300 ms)

AssetImportParameters requested are different than current active one (requested -> active):
  custom:framework-win-MediaFoundation: 216162199b28c13a410421893ffa2e32 -> 
  custom:video-decoder-ogg-theora: a1e56fd34408186e4bbccfd4996cb3dc -> 
  custom:container-muxer-webm: aa71ff27fc2769a1b78a27578f13a17b -> 
  custom:container-demuxer-webm: 4f35f7cbe854078d1ac9338744f61a02 -> 
  custom:container-demuxer-ogg: 62fdf1f143b41e24485cea50d1cbac27 -> 
  custom:video-encoder-webm-vp8: eb34c28f22e8b96e1ab97ce403110664 -> 
  custom:video-decoder-webm-vp8: 9c59270c3fd7afecdb556c50c9e8de78 -> 
  custom:audio-decoder-ogg-vorbis: bf7c407c2cedff20999df2af8eb42d56 -> 
  custom:audio-encoder-webm-vorbis: bf7c407c2cedff20999df2af8eb42d56 -> 
========================================================================
Received Import Request.
  path: Assets/Sprites/gradyan.png
  artifactKey: Guid(30b0a1cba2bd35c4985ea2ce8b51b838) Importer(815301076,1909f56bfc062723c751e8b465ee728b)
Start importing Assets/Sprites/gradyan.png using Guid(30b0a1cba2bd35c4985ea2ce8b51b838) Importer(815301076,1909f56bfc062723c751e8b465ee728b)  -> (artifact id: 'b34f85731bc6e074c9db2c4ef5dbf900') in 0.099935 seconds 
  Import took 0.105348 seconds .

========================================================================
Received Import Request.
  Time since last request: 0.000206 seconds.
  path: Assets/Sprites/UI/Damage_Icon.png
  artifactKey: Guid(cf6c4fab98fc1634391e850d99997732) Importer(815301076,1909f56bfc062723c751e8b465ee728b)
Start importing Assets/Sprites/UI/Damage_Icon.png using Guid(cf6c4fab98fc1634391e850d99997732) Importer(815301076,1909f56bfc062723c751e8b465ee728b)  -> (artifact id: '0b0b6c2b1ad02a7c210ee86ca4bf4527') in 0.021795 seconds 
  Import took 0.026658 seconds .

========================================================================
Received Import Request.
  Time since last request: 0.000236 seconds.
  path: Assets/Sprites/UI/White-square.jpg
  artifactKey: Guid(a1c775dc6f3e9614e8565485bfcef55a) Importer(815301076,1909f56bfc062723c751e8b465ee728b)
Start importing Assets/Sprites/UI/White-square.jpg using Guid(a1c775dc6f3e9614e8565485bfcef55a) Importer(815301076,1909f56bfc062723c751e8b465ee728b)  -> (artifact id: '81300e2923dfd9e538eb16fb43921109') in 0.022205 seconds 
  Import took 0.027024 seconds .

========================================================================
Received Import Request.
  Time since last request: 0.000255 seconds.
  path: Assets/Sprites/UI/Armor_Icon.png
  artifactKey: Guid(c3e5b97f304fcf54cb47e15f057d8bc8) Importer(815301076,1909f56bfc062723c751e8b465ee728b)
Start importing Assets/Sprites/UI/Armor_Icon.png using Guid(c3e5b97f304fcf54cb47e15f057d8bc8) Importer(815301076,1909f56bfc062723c751e8b465ee728b)  -> (artifact id: '05b522377532aeac291252fa0b85afd0') in 0.018972 seconds 
  Import took 0.023673 seconds .

========================================================================
Received Import Request.
  Time since last request: 0.000287 seconds.
  path: Assets/Sprites/toppng.com-gold-coin-vector-png-3117x4000.png
  artifactKey: Guid(e2d833a0f0972564e85ed802c5a9c35c) Importer(815301076,1909f56bfc062723c751e8b465ee728b)
Start importing Assets/Sprites/toppng.com-gold-coin-vector-png-3117x4000.png using Guid(e2d833a0f0972564e85ed802c5a9c35c) Importer(815301076,1909f56bfc062723c751e8b465ee728b)  -> (artifact id: 'f5ad37a7d2cdca0f090ad00dcfafdd5e') in 0.017856 seconds 
  Import took 0.023082 seconds .

========================================================================
Received Import Request.
  Time since last request: 0.000276 seconds.
  path: Assets/Sprites/spaceship_2.png
  artifactKey: Guid(2fa0896419da5fe4ea514b0c3fba0d27) Importer(815301076,1909f56bfc062723c751e8b465ee728b)
Start importing Assets/Sprites/spaceship_2.png using Guid(2fa0896419da5fe4ea514b0c3fba0d27) Importer(815301076,1909f56bfc062723c751e8b465ee728b)  -> (artifact id: 'c1eea921539b1fdf7f2b91120d351aa2') in 0.020200 seconds 
  Import took 0.025933 seconds .

========================================================================
Received Import Request.
  Time since last request: 0.000193 seconds.
  path: Assets/Sprites/UI/Window.png
  artifactKey: Guid(01e46f5409067774896ae23cdd610fcd) Importer(815301076,1909f56bfc062723c751e8b465ee728b)
Start importing Assets/Sprites/UI/Window.png using Guid(01e46f5409067774896ae23cdd610fcd) Importer(815301076,1909f56bfc062723c751e8b465ee728b)  -> (artifact id: 'ab30d40ad1a90cffb9e70a7529ae7a70') in 0.030560 seconds 
  Import took 0.035163 seconds .

========================================================================
Received Import Request.
  Time since last request: 0.000221 seconds.
  path: Assets/Sprites/level 1.png
  artifactKey: Guid(743fa336bd0b7c449aa6375571f3f58b) Importer(815301076,1909f56bfc062723c751e8b465ee728b)
Start importing Assets/Sprites/level 1.png using Guid(743fa336bd0b7c449aa6375571f3f58b) Importer(815301076,1909f56bfc062723c751e8b465ee728b)  -> (artifact id: 'd5c8feea5594a053d324298c3630e2b4') in 0.019355 seconds 
  Import took 0.023527 seconds .

========================================================================
Received Import Request.
  Time since last request: 0.000224 seconds.
  path: Assets/Sprites/UI/Speed_Icon.png
  artifactKey: Guid(5b6fea84da139eb4e8077e0d9f918f57) Importer(815301076,1909f56bfc062723c751e8b465ee728b)
Start importing Assets/Sprites/UI/Speed_Icon.png using Guid(5b6fea84da139eb4e8077e0d9f918f57) Importer(815301076,1909f56bfc062723c751e8b465ee728b)  -> (artifact id: '3a7ddfc51c47f93b8158156f6708d872') in 0.020221 seconds 
  Import took 0.024903 seconds .

========================================================================
Received Import Request.
  Time since last request: 0.000225 seconds.
  path: Assets/Sprites/Fireball 200x200.png
  artifactKey: Guid(a956d57f397fecd45a166a0c90db5799) Importer(815301076,1909f56bfc062723c751e8b465ee728b)
Start importing Assets/Sprites/Fireball 200x200.png using Guid(a956d57f397fecd45a166a0c90db5799) Importer(815301076,1909f56bfc062723c751e8b465ee728b)  -> (artifact id: 'a2a9cb4ee555c15b6b14232bc974bd98') in 0.019067 seconds 
  Import took 0.024038 seconds .

========================================================================
Received Import Request.
  Time since last request: 0.000188 seconds.
  path: Assets/Sprites/UI/BG.png
  artifactKey: Guid(ee1f265e2275c294988ddf1a4872f2b9) Importer(815301076,1909f56bfc062723c751e8b465ee728b)
Start importing Assets/Sprites/UI/BG.png using Guid(ee1f265e2275c294988ddf1a4872f2b9) Importer(815301076,1909f56bfc062723c751e8b465ee728b)  -> (artifact id: 'd4c1e3e5a781f3b35dd2cfc6f43c80f8') in 0.020710 seconds 
  Import took 0.025258 seconds .

========================================================================
Received Import Request.
  Time since last request: 0.000184 seconds.
  path: Assets/Sprites/UI/Price_BTN_Table.png
  artifactKey: Guid(5dc921d4f49aad14d999d218efd371d4) Importer(815301076,1909f56bfc062723c751e8b465ee728b)
Start importing Assets/Sprites/UI/Price_BTN_Table.png using Guid(5dc921d4f49aad14d999d218efd371d4) Importer(815301076,1909f56bfc062723c751e8b465ee728b)  -> (artifact id: 'a1386ac254c09ccbadd2fc103f1736a7') in 0.020128 seconds 
  Import took 0.024114 seconds .

========================================================================
Received Import Request.
  Time since last request: 0.000279 seconds.
  path: Assets/Sprites/UI/Shop_BTN.png
  artifactKey: Guid(a25547e76dbf88448b7695eeba0ef5a6) Importer(815301076,1909f56bfc062723c751e8b465ee728b)
Start importing Assets/Sprites/UI/Shop_BTN.png using Guid(a25547e76dbf88448b7695eeba0ef5a6) Importer(815301076,1909f56bfc062723c751e8b465ee728b)  -> (artifact id: 'efc5ab4c978d5946c2603b596829a22d') in 0.020210 seconds 
  Import took 0.025906 seconds .

========================================================================
Received Import Request.
  Time since last request: 0.000261 seconds.
  path: Assets/Sprites/yildiz.png
  artifactKey: Guid(906232e54667d404bbf11084be207786) Importer(815301076,1909f56bfc062723c751e8b465ee728b)
Start importing Assets/Sprites/yildiz.png using Guid(906232e54667d404bbf11084be207786) Importer(815301076,1909f56bfc062723c751e8b465ee728b)  -> (artifact id: 'e5663e3593508c668698015af6f3e3db') in 0.026475 seconds 
  Import took 0.031383 seconds .

========================================================================
Received Import Request.
  Time since last request: 0.000292 seconds.
  path: Assets/Sprites/UI/Close_BTN.png
  artifactKey: Guid(09aed69e27f8fd046aec874a9185442e) Importer(815301076,1909f56bfc062723c751e8b465ee728b)
Start importing Assets/Sprites/UI/Close_BTN.png using Guid(09aed69e27f8fd046aec874a9185442e) Importer(815301076,1909f56bfc062723c751e8b465ee728b)  -> (artifact id: 'f5e7efec1f61db2d0acf7e41052b9a40') in 0.016165 seconds 
  Import took 0.021693 seconds .

========================================================================
Received Import Request.
  Time since last request: 0.000272 seconds.
  path: Assets/Sprites/UI/Rating_BTN.png
  artifactKey: Guid(a0c684890dcb62347963b29a7f520a3c) Importer(815301076,1909f56bfc062723c751e8b465ee728b)
Start importing Assets/Sprites/UI/Rating_BTN.png using Guid(a0c684890dcb62347963b29a7f520a3c) Importer(815301076,1909f56bfc062723c751e8b465ee728b)  -> (artifact id: '2338b15a9ac446da25e61164b935ae1a') in 0.024496 seconds 
  Import took 0.030013 seconds .

========================================================================
Received Import Request.
  Time since last request: 0.000253 seconds.
  path: Assets/Sprites/rotationY1.png
  artifactKey: Guid(469c9dacc4cb4b94ba2c461aa6451f03) Importer(815301076,1909f56bfc062723c751e8b465ee728b)
Start importing Assets/Sprites/rotationY1.png using Guid(469c9dacc4cb4b94ba2c461aa6451f03) Importer(815301076,1909f56bfc062723c751e8b465ee728b)  -> (artifact id: 'd72f47e3f97a018d139cc206cc00e6cd') in 0.016483 seconds 
  Import took 0.021941 seconds .

AssetImportWorkerClient::OnTransportError - code=2 error=End of file
